         ********************************************************************************
         *                                                                              *
         *                               WINPROP  2021.10                               *
         *                          EOS Phase Property Program                          *
         *                         General Release for Win x64                          *
         *                            2021-Nov-18   16:34:07                            *
         *                                                                              *
         *                          (c) Copyright 1977 - 2021                           *
         *                Computer Modelling Group Ltd., Calgary, Canada                *
         *                             All Rights Reserved                              *
         *                                                                              *
         ********************************************************************************


         Command-line Arguments:  -dd
                                  -f del.dat

 Maximum Dimensions:
    Component                = 200
    SCN Group in + Fractions = 200;   Lab. Calculation points  = 300
    Streams in Process       = 300;   Units in Process         =  20
    Regression variables     = 150;   Regression data points   = 10000
 
 **FILE NAME:     del.dat
 *FILENAMES *OUTPUT *SRFOUT *REGLUMPSPLIT *NONE *GEMOUT *NONE
            *STARSKV *NONE *GEMZDEPTH *NONE *IMEXPVT *NONE
 *WINPROP     2021.10
 
 **=-=-=Titles/EOS/Units
 **REM
 *TITLE1 ''
 *TITLE2 ''
 *TITLE3 ''
 *UNIT *SI
 *INFEED *MOLE
 *MODEL *PR *1978
 
 **=-=-=Component Selection/Properties
 **REM
 *NC 2 2
 *TRANSLATION    1
 *TRESDEF    40.0
 *EXCESSPROP  *EOS
 
 *COMPNAME
 'CO2'  'CH4'
 
 *HCFLAG
 3  1
 
 *PCRIT
 72.8  45.4
 
 *TCRIT
 304.2  190.6
 
 *AC
 0.225  0.008
 
 *MW
 44.01  16.043
 
 *VSHIFT
 0.0  0.0
 
 *VSHIF1
 0.0  0.0
 
 *TREFVS
 15.556  15.556
 
 *ZRA
 0.2736  0.2876
 
 *VCRIT
 0.094  0.099
 
 *VISVC
 0.094  0.099
 
 *OMEGA
 0.457235528921  0.457235528921
 
 *OMEGB
 0.0777960739039  0.0777960739039
 
 *BETA_LFU
 1.0  1.0
 
 *SG
 0.818  0.3
 
 *TB
 -78.45  -161.45
 
 *PCHOR
 78.0  77.0
 
 *IGHCOEF
 0.09688  0.158843  -3.3712e-05  1.48105e-07  -9.66203e-11  2.073832e-14  0.151147
 -2.83857  0.538285  -0.000211409  3.39276e-07  -1.164322e-10  1.389612e-14  -0.602869
 
 *HEATING_VALUES
 0.0  844.290010539
 
 *IDCOMP
 1  3
 
 *VISCOR   *HZYT
 *MIXVC   1.0
 
 *VISCOEFF
 0.1023  0.023364  0.058533  -0.040758  0.0093324
 *HREFCOR   *HARVEY
 
 *PVC3    1.2
 
 *BIN
 0.025
 
 
 **=-=-=Composition
 **REM
 *COMPOSITION   *PRIMARY
 0.15   0.85
 
 **=-=-=Single-phase Calculation
 *SINGLE
 *LABEL    ''
 *FEED  *MIXED 1.0
 *PRES  2000.0
 *TEMP  40.0
 
 **=-=-=Composition
 **REM
 *COMPOSITION   *PRIMARY
 0.9   0.1
 
 **=-=-=Single-phase Calculation
 *SINGLE
 *LABEL    ''
 *FEED  *MIXED 1.0
 *PRES  6000.0
 *TEMP  10.0
 
 **=-=-=Two-phase Flash
 *FLASH
 **NC 2 2
 *LABEL    ''
 *FEED  *MIXED 1.0
 *KVALUE  *INTERNAL
 *LEVEL 1
 *OUTPUT 2
 *TYPE  *QNSS
 *PRES 6000.0
 *TEMP 10.0
 *DELP 0.0
 *DELT 0.0
 *STEPP 1
 *STEPT 1
 *DELZ 0.0
 *STEPZ 1
 
 **=-=-=     END
1
  **************************************************
  *                                                *
  *                WINPROP  2021.10                *
  *             2021-Nov-18   16:34:07             *
  * Computer Modelling Group Ltd., Calgary, Canada *
  *                        1                       *
  **************************************************
  Single-phase fluid properties calculation

  Equilibrium Properties at   2000.000    kPa and   40.000 deg C
      Phase Split: Vapour                             

  Peng-Robinson Equations of State

                          mole percent
                       --------------------
           component      Feed     Phase01

           CO2          15.00000   15.00000
           CH4          85.00000   85.00000
 
           component        ln (fug, atm)
 
           CO2               1.00072E+00
           CH4               2.78324E+00

                                   vapour
 Z-factor                           0.9566
 Molar vol, m3/kmol     1.24543   1.24543
 MW, g/mol               20.238     20.24
 Ideal H,    J/mol    10463.349  10463.35
 Enthalpy,    J/mol   10074.340  10074.34
 Ideal Cp,   J/mol-K               36.8205
 Cp,   J/mol-K                     38.9704
 Ideal S,   J/mol-K               186.5900
 Entropy,   J/mol-K               185.7135
 Density, Kg/m3                    16.2499
 Viscosity, cp                      0.0129
Phase Volume %                   100.0000
Phase Mole %                     100.0000

 Enthalpy is zero for ideal gas at absolute zero

 Convergence status :
    Total iterations in phase stability test               13
    Residual sum of squares error                 0.00000E+00

                    Phase is STABLE
1
  **************************************************
  *                                                *
  *                WINPROP  2021.10                *
  *             2021-Nov-18   16:34:07             *
  * Computer Modelling Group Ltd., Calgary, Canada *
  *                        2                       *
  **************************************************
  Single-phase fluid properties calculation

  Equilibrium Properties at   6000.000    kPa and   10.000 deg C
      Phase Split: Liquid                             

  Peng-Robinson Equations of State

                          mole percent
                       --------------------
           component      Feed     Phase01

           CO2          90.00000   90.00000
           CH4          10.00000   10.00000
 
           component        ln (fug, atm)
 
           CO2               3.41264E+00
           CH4               2.49307E+00

                                   liquid
 Z-factor                           0.1571
 Molar vol, m3/kmol     0.06163   0.06163
 MW, g/mol               41.213     41.21
 Ideal H,    J/mol     8874.725   8874.72
 Enthalpy,    J/mol    -948.556   -948.56
 Ideal Cp,   J/mol-K               35.9953
 Cp,   J/mol-K                    216.3008
 Ideal S,   J/mol-K               208.2668
 Entropy,   J/mol-K               177.1942
 Density, Kg/m3                   668.7270
 Viscosity, cp                      0.0547
Phase Volume %                   100.0000
Phase Mole %                     100.0000

 Enthalpy is zero for ideal gas at absolute zero

 Convergence status :
    Total iterations in phase stability test                5
    Residual sum of squares error                 0.00000E+00

                    Phase is UNSTABLE   6

Feed composition:     9.0000E-01  1.0000E-01
 VLEEOS: ITER, RES, FRY, DELG, / GR(M), / AKY(M):   0    4.01905E-01    1.49013E-01    4.94412E-03
   -1.48359E-01    6.16356E-01
    7.53706E-01    4.50186E+00
 VLEEOS: ITER, RES, FRY, DELG, / GR(M), / AKY(M):   1    7.19755E-03    1.66093E-01   -1.34065E-03
   -1.71651E-02    8.30837E-02
    8.74246E-01    2.43059E+00
 Switch to Newton Iteration
VLEEOS/QNSS resg =   0.75108272E-06  Fry =   0.17887395E+00
 VLEEOS: ITER, RES, FRY, DELG, / GR(M), / AKY(M):   0    7.51083E-07    1.78874E-01   -1.45424E-03
    1.42572E-05    8.66533E-04
    8.91742E-01    2.20830E+00
 VLEEOS: ITER, RES, FRY, DELG, / GR(M), / AKY(M):   1    3.20077E-13    1.77250E-01   -1.45437E-03
   -1.06166E-07    4.74424E-07
    8.91745E-01    2.20564E+00
 VLEEOS: ITER, RES, FRY, DELG, / GR(M), / AKY(M):   2    4.46270E-24    1.77247E-01   -1.45436E-03
   -2.77972E-13    2.09410E-12
    8.91745E-01    2.20563E+00

 VLEEOS/Newton - sum(1-k)^0.5 =  0.121048E+01
 VLEEOS/Newton - Gibbs Energy: Single-Phase = -0.760496E+00 Two-Phase = -0.761951E+00
                        Diff (Two-Phase - Single-Phase = -0.145436E-02
1
  **************************************************
  *                                                *
  *                WINPROP  2021.10                *
  *             2021-Nov-18   16:34:07             *
  * Computer Modelling Group Ltd., Calgary, Canada *
  *                        3                       *
  **************************************************
  Multiphase flash calculation
  2-Phase EOS Flash: QNSS Method

  Equilibrium Properties at   6000.000    kPa and   10.000 deg C
      Phase Split: Liquid-Vapour                      

  Peng-Robinson Equations of State

                               mole percent
                       -------------------------------
           component      Feed     Phase01    Phase02

           CO2          90.00000   91.76069   81.82711
           CH4          10.00000    8.23931   18.17289
 
           component       ln (fug, atm)     K-values w.r.t. phase 1
                                            --------------------------
                                            Phase01/02       Phase02
 
           CO2               3.42696E+00    1.12140E+00    8.91745E-01
           CH4               2.34965E+00    4.53385E-01    2.20563E+00

                                   liquid    vapour
 Z-factor                           0.1503     0.5447
 Molar vol, m3/kmol     0.08640   0.05897   0.21372
 MW, g/mol               41.213     41.71     38.93
 Ideal H,    J/mol     8874.725   8862.94   8929.40
 Enthalpy,    J/mol    -178.276  -1356.95   5292.97
 Ideal Cp,   J/mol-K               36.0033    35.9585
 Cp,   J/mol-K                    188.2846   120.7298
 Ideal S,   J/mol-K               208.8613   205.5071
 Entropy,   J/mol-K               176.5792   195.7906
 Density, Kg/m3                   707.1780   182.1422
 Viscosity, cp                      0.0586     0.0185
 IFT (Ref: Liquid    ), dyne/cm                0.8391
Phase Volume %                    56.1574   43.8426
Phase Mole %                      82.2753   17.7247

 Enthalpy is zero for ideal gas at absolute zero
 Interfacial tension, IFT, is referenced to phase 1

 Convergence status :
    Total iterations in phase equilibrium calculation       4
    Total iterations in phase split calculation             8
    Residual sum of squares error                 4.46270E-24


 WinProp 2021.10 
 Total EOS calls without derivatives =        31
 Total EOS calls with    derivatives =         6
 Total calculations performed        =         6

  CPU seconds used            :    0.00

  Date and Time of End of Run:  Oct 27, 2024  19:02:06

